[2010/03/04 05:47:19] PHPMailer:<strong>Could not execute: /var/qmail/bin/sendmail</strong><br />

[2010/03/04 05:47:49] PHPMailer:<strong>Could not execute: /var/qmail/bin/sendmail</strong><br />

[2010/03/04 05:48:42] PHPMailer:<strong>Could not execute: /var/qmail/bin/sendmail</strong><br />

[2010/03/04 05:48:43] PHPMailer:<strong>Could not execute: /var/qmail/bin/sendmail</strong><br />

[2010/03/04 05:48:47] PHPMailer:<strong>Could not execute: /var/qmail/bin/sendmail</strong><br />

[2010/03/05 01:29:30] PHPMailer:<strong>Could not execute: /var/qmail/bin/sendmail</strong><br />

[2010/03/05 01:29:37] PHPMailer:<strong>Could not execute: /var/qmail/bin/sendmail</strong><br />

[2010/03/05 01:30:32] PHPMailer:<strong>Could not execute: /var/qmail/bin/sendmail</strong><br />

[2010/03/05 01:34:19] PHPMailer:<strong>Could not execute: /var/qmail/bin/sendmail</strong><br />

[2010/03/05 01:34:35] PHPMailer:<strong>Could not execute: /var/qmail/bin/sendmail</strong><br />

[2010/03/05 01:35:15] PHPMailer:<strong>Could not execute: /var/qmail/bin/sendmail</strong><br />

[2010/03/05 01:36:32] PHPMailer:<strong>Could not execute: /var/qmail/bin/sendmail</strong><br />

[2010/03/05 01:36:33] PHPMailer:<strong>Could not execute: /var/qmail/bin/sendmail</strong><br />

[2010/03/05 01:37:57] PHPMailer:<strong>Could not execute: /var/qmail/bin/sendmail</strong><br />

[2010/03/07 12:52:15] PHPMailer:<strong>Could not execute: /var/qmail/bin/sendmail</strong><br />

[2010/03/07 01:21:09] PHPMailer:<strong>Could not execute: /var/qmail/bin/sendmail</strong><br />

[2010/03/07 01:21:15] PHPMailer:<strong>Could not execute: /var/qmail/bin/sendmail</strong><br />

[2010/03/07 01:21:35] PHPMailer:<strong>Could not execute: /var/qmail/bin/sendmail</strong><br />

[2010/03/07 01:25:06] PHPMailer:<strong>Could not execute: /var/qmail/bin/sendmail</strong><br />

[2010/03/07 01:26:06] PHPMailer:<strong>Could not execute: /var/qmail/bin/sendmail</strong><br />

[2010/03/08 09:56:58] PHPMailer:<strong>Could not execute: /var/qmail/bin/sendmail</strong><br />

[2010/03/08 09:57:10] PHPMailer:<strong>Could not execute: /var/qmail/bin/sendmail</strong><br />

[2010/03/08 09:57:34] PHPMailer:<strong>Could not execute: /var/qmail/bin/sendmail</strong><br />

[2010/03/08 09:58:17] PHPMailer:<strong>Could not execute: /var/qmail/bin/sendmail</strong><br />

[2010/03/08 09:59:01] PHPMailer:<strong>Could not execute: /var/qmail/bin/sendmail</strong><br />

[2010/03/08 10:00:15] PHPMailer:<strong>Could not execute: /var/qmail/bin/sendmail</strong><br />

[2010/03/09 12:32:40] PHPMailer:<strong>Could not execute: /var/qmail/bin/sendmail</strong><br />

[2010/03/09 12:32:55] PHPMailer:<strong>Could not execute: /var/qmail/bin/sendmail</strong><br />

[2010/03/09 12:33:27] PHPMailer:<strong>Could not execute: /var/qmail/bin/sendmail</strong><br />

[2010/03/09 12:33:55] PHPMailer:<strong>Could not execute: /var/qmail/bin/sendmail</strong><br />

[2010/03/09 12:33:56] PHPMailer:<strong>Could not execute: /var/qmail/bin/sendmail</strong><br />

[2010/03/09 12:48:25] PHPMailer:<strong>Could not execute: /var/qmail/bin/sendmail</strong><br />

[2010/03/09 12:48:58] PHPMailer:<strong>Could not execute: /var/qmail/bin/sendmail</strong><br />

[2010/03/09 12:48:59] PHPMailer:<strong>Could not execute: /var/qmail/bin/sendmail</strong><br />

[2010/03/09 12:49:00] PHPMailer:<strong>Could not execute: /var/qmail/bin/sendmail</strong><br />

[2010/03/09 12:49:00] PHPMailer:<strong>Could not execute: /var/qmail/bin/sendmail</strong><br />

[2010/03/09 12:49:08] PHPMailer:<strong>Could not execute: /var/qmail/bin/sendmail</strong><br />

[2010/03/09 12:49:10] PHPMailer:<strong>Could not execute: /var/qmail/bin/sendmail</strong><br />

[2010/03/09 12:50:09] PHPMailer:<strong>Could not execute: /var/qmail/bin/sendmail</strong><br />

[2010/03/09 12:50:10] PHPMailer:<strong>Could not execute: /var/qmail/bin/sendmail</strong><br />

[2010/03/09 12:50:31] PHPMailer:<strong>Could not execute: /var/qmail/bin/sendmail</strong><br />

[2010/03/09 12:52:00] PHPMailer:<strong>Could not execute: /var/qmail/bin/sendmail</strong><br />

[2010/03/09 12:52:38] PHPMailer:<strong>Could not execute: /var/qmail/bin/sendmail</strong><br />

[2010/03/09 12:52:39] PHPMailer:<strong>Could not execute: /var/qmail/bin/sendmail</strong><br />

[2010/03/09 12:53:15] PHPMailer:<strong>Could not execute: /var/qmail/bin/sendmail</strong><br />

[2010/03/09 12:55:14] PHPMailer:<strong>Could not execute: /var/qmail/bin/sendmail</strong><br />

[2010/03/09 12:55:15] PHPMailer:<strong>Could not execute: /var/qmail/bin/sendmail</strong><br />

[2010/03/09 04:23:12] PHPMailer:<strong>Could not execute: /var/qmail/bin/sendmail</strong><br />

[2010/03/09 04:25:05] PHPMailer:<strong>Could not execute: /var/qmail/bin/sendmail</strong><br />

[2010/03/25 03:26:50] PHPMailer:<strong>Could not execute: /var/qmail/bin/sendmail</strong><br />

[2010/04/07 04:21:48] PHPMailer:<strong>Could not execute: /var/qmail/bin/sendmail</strong><br />

[2010/04/07 04:22:12] PHPMailer:<strong>Could not execute: /var/qmail/bin/sendmail</strong><br />

[2010/04/07 04:23:08] PHPMailer:<strong>Could not execute: /var/qmail/bin/sendmail</strong><br />

[2010/04/07 04:23:46] PHPMailer:<strong>Could not execute: /var/qmail/bin/sendmail</strong><br />

[2010/04/15 05:23:45] PHPMailer:<strong>Could not execute: /var/qmail/bin/sendmail</strong><br />

[2010/04/15 05:23:48] PHPMailer:<strong>Could not execute: /var/qmail/bin/sendmail</strong><br />

[2010/04/18 09:41:34] PHPMailer:<strong>Could not execute: /var/qmail/bin/sendmail</strong><br />

[2010/04/25 03:00:34] PHPMailer:<strong>Could not execute: /var/qmail/bin/sendmail</strong><br />

[2010/04/25 03:00:52] PHPMailer:<strong>Could not execute: /var/qmail/bin/sendmail</strong><br />

[2010/04/25 03:13:36] PHPMailer:<strong>Could not execute: /var/qmail/bin/sendmail</strong><br />

[2010/04/25 03:15:37] PHPMailer:<strong>Could not execute: /var/qmail/bin/sendmail</strong><br />

[2010/05/22 06:44:19] User role: 'admin' cannot perform this action 'getAll'
[2010/05/22 06:44:54] User role: 'admin' cannot perform this action 'getAll'
[2010/05/22 06:44:55] User role: 'admin' cannot perform this action 'getAll'
[2010/05/22 06:45:23] User role: 'admin' cannot perform this action 'getAll'
[2010/05/22 06:45:41] User role: 'admin' cannot perform this action 'getAll'
[2010/05/22 06:46:07] User role: 'admin' cannot perform this action 'getAll'
[2010/05/22 06:46:51] User role: 'admin' cannot perform this action 'getAll'
[2010/05/22 06:47:08] User role: 'admin' cannot perform this action 'getAll'
[2010/05/22 06:47:09] User role: 'admin' cannot perform this action 'getAll'
[2010/05/22 06:47:09] User role: 'admin' cannot perform this action 'getAll'
[2010/05/22 06:47:09] User role: 'admin' cannot perform this action 'getAll'
[2010/05/22 06:47:09] User role: 'admin' cannot perform this action 'getAll'
[2010/05/22 06:47:10] User role: 'admin' cannot perform this action 'getAll'
[2010/05/22 06:47:10] User role: 'admin' cannot perform this action 'getAll'
[2010/05/22 06:48:56] User role: 'admin' cannot perform this action 'getsAll'
[2010/05/22 06:49:05] User role: 'admin' cannot perform this action 'getAll'
[2011/05/13 08:35:44] User role: 'invalid' cannot perform this action 'sendInfo'
[2011/05/13 08:36:58] User role: 'invalid' cannot perform this action 'sendInfo'
[2011/05/13 08:45:34] User role: 'invalid' cannot perform this action 'sendInfo'
[2011/05/13 08:45:35] User role: 'invalid' cannot perform this action 'sendInfo'
[2011/05/13 08:45:36] User role: 'invalid' cannot perform this action 'sendInfo'
[2011/05/13 08:59:29] User role: 'invalid' cannot perform this action 'sendInfo'
[2011/05/13 09:01:36] User role: 'invalid' cannot perform this action 'sendInfo'
[2011/05/13 09:23:03] User role: 'invalid' cannot perform this action 'sendInfo'
[2011/05/13 10:17:00] User role: 'invalid' cannot perform this action 'sendInfo'
[2011/05/13 10:17:06] User role: 'invalid' cannot perform this action 'sendInfo'
[2011/05/13 10:17:09] User role: 'invalid' cannot perform this action 'sendInfo'
[2011/05/13 10:19:14] User role: 'invalid' cannot perform this action 'sendInfo'
[2011/09/05 07:56:00] User role: 'invalid' cannot perform this action 'setCategoria'
[2011/09/05 07:56:41] User role: 'invalid' cannot perform this action 'setCategoria'
[2011/09/05 07:59:17] User role: 'invalid' cannot perform this action 'setCategoria'
[2011/09/05 08:03:59] User role: 'invalid' cannot perform this action 'setCategoria'
[2011/09/05 08:04:04] User role: 'invalid' cannot perform this action 'setCategoria'
[2011/09/05 08:04:15] User role: 'invalid' cannot perform this action 'setCategoria'
[2011/09/09 07:13:07] User role: 'invalid' cannot perform this action ''getTipos''
[2011/09/09 07:13:28] User role: 'invalid' cannot perform this action ''getTipos''
[2011/09/09 07:14:11] User role: 'invalid' cannot perform this action ''getCategorias''
[2011/09/09 07:14:50] User role: 'invalid' cannot perform this action ''getTipos''
[2011/09/09 07:19:38] User role: 'invalid' cannot perform this action '"getTipos"'
[2011/09/09 07:20:09] User role: 'invalid' cannot perform this action '"getCategorias"'
[2011/09/09 07:20:40] User role: 'invalid' cannot perform this action ''getCategorias''
[2011/09/09 07:22:50] User role: 'invalid' cannot perform this action ''getCategorias''
[2011/09/09 07:23:42] User role: 'invalid' cannot perform this action ''getTipos''
[2011/09/09 07:42:07] User role: 'invalid' cannot perform this action ''getTipos''
[2011/09/10 05:26:06] User role: 'invalid' cannot perform this action 'getTipoCilente'
[2011/09/10 05:27:38] User role: 'invalid' cannot perform this action 'getTipoCilente'
[2011/09/10 05:28:38] User role: 'invalid' cannot perform this action 'getTipoCilentes'
[2011/09/10 05:30:27] User role: 'invalid' cannot perform this action 'getTipoClientes'
[2011/09/10 05:31:41] User role: 'invalid' cannot perform this action 'getTipoClientes'
[2011/09/10 05:32:43] User role: 'invalid' cannot perform this action 'getTipoClientes'
[2011/09/10 05:32:56] User role: 'invalid' cannot perform this action 'getTipoClientes'
[2011/09/10 05:33:21] User role: 'invalid' cannot perform this action 'getTipoClientes'
[2011/09/10 05:34:06] User role: 'invalid' cannot perform this action 'getTipoClientes'
[2011/09/13 03:26:22] User role: 'invalid' cannot perform this action 'setArticulo'
[2011/10/08 04:14:32] User role: 'cliente' cannot perform this action 'getarticuloscorto'
[2011/10/08 04:14:38] User role: 'cliente' cannot perform this action 'getarticuloscortos'
