[2010/03/05 05:11:05] La variable emails no se ha definido.
[2010/03/07 01:30:15] La variable idparticipant no se ha definido.
[2010/03/07 01:30:21] La variable id no se ha definido.
[2010/03/07 01:30:21] La variable id_user no se ha definido.
[2010/03/07 01:30:25] La variable idparticipant no se ha definido.
[2010/04/25 02:45:43] The user "aalejo@gmail.com" already exists.
[2010/04/25 02:46:33] The user "aalejo@gmail.com" already exists.
[2010/04/25 02:49:34] The user "aalejo@gmail.com" already exists.
[2010/04/25 02:50:20] The user "aalejo@gmail.com" already exists.
[2010/04/25 02:50:32] The user "aalejo@gmail.com" already exists.
[2010/04/25 02:56:17] The user "aalejo@gmail.com" already exists.
[2010/04/25 02:57:13] The user "aalejo@gmail.com" already exists.
[2010/04/25 03:01:26] No se realizo el cambio de contraseña
[2010/04/25 03:02:11] No se realizo el cambio de contraseña
[2010/04/25 03:02:38] No se realizo el cambio de contraseña
[2010/04/25 03:04:31] No se realizo el cambio de contraseña
[2010/04/25 03:04:43] No se realizo el cambio de contraseña
[2011/05/02 07:43:56] La variable Texto a enviar no se ha definido.
[2011/05/02 09:49:22] La variable option no se ha definido.
[2011/05/02 09:49:43] La variable Texto a enviar no se ha definido.
[2011/05/02 09:56:48] La variable Texto a enviar no se ha definido.
[2011/05/02 10:04:54] La variable Id de mensaje no se ha definido.
[2011/05/02 10:04:54] La variable Email del cliente no se ha definido.
[2011/05/02 10:04:54] La variable Texto a enviar no se ha definido.
[2011/05/02 10:13:34] La variable Texto a enviar no se ha definido.
[2011/05/02 10:18:03] La variable Id de mensaje no se ha definido.
[2011/05/02 10:18:03] La variable Email del cliente no se ha definido.
[2011/05/02 10:18:03] La variable Texto a enviar no se ha definido.
[2011/05/02 10:18:09] La variable Id de mensaje no se ha definido.
[2011/05/02 10:18:09] La variable Email del cliente no se ha definido.
[2011/05/02 10:18:09] La variable Texto a enviar no se ha definido.
[2011/05/02 10:18:44] La variable Id de mensaje no se ha definido.
[2011/05/02 10:18:44] La variable Email del cliente no se ha definido.
[2011/05/02 10:18:44] La variable Texto a enviar no se ha definido.
[2011/05/02 10:18:56] La variable Id de mensaje no se ha definido.
[2011/05/02 10:18:56] La variable Email del cliente no se ha definido.
[2011/05/02 10:18:56] La variable Texto a enviar no se ha definido.
[2011/05/02 10:23:53] La variable option no se ha definido.
[2011/05/02 10:25:48] La variable option no se ha definido.
[2011/05/13 10:26:32] La variable Horas disponibles el Domingo no se ha definido.
[2011/05/13 10:26:32] La variable Curriculum Vitae no se ha definido.
[2011/05/13 10:26:34] La variable Horas disponibles el Domingo no se ha definido.
[2011/05/13 10:26:34] La variable Curriculum Vitae no se ha definido.
[2011/05/13 10:26:36] La variable Horas disponibles el Domingo no se ha definido.
[2011/05/13 10:26:36] La variable Curriculum Vitae no se ha definido.
[2011/05/13 10:30:00] La variable Horas disponibles el Lunes no se ha definido.
[2011/05/13 10:30:00] La variable Curriculum Vitae no se ha definido.
[2011/05/13 10:30:05] La variable Horas disponibles el Lunes no se ha definido.
[2011/05/13 10:30:05] La variable Curriculum Vitae no se ha definido.
[2011/05/13 10:30:07] La variable Horas disponibles el Lunes no se ha definido.
[2011/05/13 10:30:07] La variable Curriculum Vitae no se ha definido.
[2011/05/13 10:30:09] La variable Horas disponibles el Lunes no se ha definido.
[2011/05/13 10:30:09] La variable Curriculum Vitae no se ha definido.
[2011/05/13 10:44:24] La variable Horas disponibles el Viernes no se ha definido.
[2011/05/13 10:44:24] La variable Curriculum Vitae no se ha definido.
[2011/05/13 10:44:31] La variable Horas disponibles el Viernes no se ha definido.
[2011/05/13 10:44:31] La variable Curriculum Vitae no se ha definido.
[2011/05/13 10:44:33] La variable Horas disponibles el Viernes no se ha definido.
[2011/05/13 10:44:33] La variable Curriculum Vitae no se ha definido.
[2011/05/13 10:47:40] La variable Horas disponibles el Martes no se ha definido.
[2011/05/13 10:47:40] La variable Horas disponibles el Miercoles no se ha definido.
[2011/05/13 10:47:40] La variable Curriculum Vitae no se ha definido.
[2011/05/13 10:53:37] La variable Horas disponibles el Domingo no se ha definido.
[2011/05/13 10:53:37] La variable Curriculum Vitae no se ha definido.
[2011/05/13 10:53:46] La variable Horas disponibles el Domingo no se ha definido.
[2011/05/13 10:53:46] La variable Curriculum Vitae no se ha definido.
[2011/05/13 10:56:45] La variable Curriculum Vitae no se ha definido.
[2011/05/13 10:58:42] La variable Curriculum Vitae no se ha definido.
[2011/05/13 10:59:46] La variable Curriculum Vitae no se ha definido.
[2011/05/13 11:00:57] La variable Curriculum Vitae no se ha definido.
[2011/05/13 11:01:35] La variable Curriculum Vitae no se ha definido.
[2011/05/13 11:17:46] La variable Horas disponibles el Miercoles no se ha definido.
[2011/05/13 11:17:46] La variable Curriculum Vitae no se ha definido.
[2011/05/13 11:19:35] La variable Curriculum Vitae no se ha definido.
[2011/05/13 11:20:47] La variable Curriculum Vitae no se ha definido.
[2011/05/13 11:27:49] La variable Nombre no se ha definido.
[2011/05/13 11:27:49] La variable Apellido no se ha definido.
[2011/05/13 11:27:49] La variable Correo no se ha definido.
[2011/05/13 11:27:49] La variable Telefono no se ha definido.
[2011/05/13 11:27:49] La variable Opinion sobre Emprendimiento no se ha definido.
[2011/05/13 11:27:49] La variable Curriculum Vitae no se ha definido.
[2011/05/16 09:01:00] La variable Horas disponibles el Lunes no se ha definido.
[2011/05/16 09:01:00] La variable Curriculum Vitae no se ha definido.
[2011/05/16 09:03:26] La variable Horas disponibles el Lunes no se ha definido.
[2011/05/16 09:03:26] La variable Curriculum Vitae no se ha definido.
[2011/05/16 09:06:39] La variable Curriculum Vitae no se ha definido.
[2011/05/16 09:35:42] La variable Curriculum Vitae no se ha definido.
[2011/05/16 10:08:20] La variable Curriculum Vitae no se ha definido.
[2011/06/15 09:07:04] La variable Proyecto del usuario no se ha definido.
[2011/06/15 09:17:00] La variable Proyecto del usuario no se ha definido.
[2011/06/15 11:09:17] La variable Proyecto del usuario no se ha definido.
[2011/06/15 11:26:11] La variable Proyecto del usuario no se ha definido.
[2011/06/20 09:50:23] La variable id no se ha definido.
[2011/06/20 10:51:39] La variable id no se ha definido.
[2011/06/27 06:56:29] La variable id no se ha definido.
[2011/06/27 07:44:19] La variable Nombre del aplicante no se ha definido.
[2011/06/27 07:45:41] La variable Nombre del aplicante no se ha definido.
[2011/06/27 07:47:14] La variable Nombre del aplicante no se ha definido.
[2011/06/27 08:00:33] PHPMailer:<strong>Could not instantiate mail function.</strong><br />

[2011/09/05 01:17:28] La variable categoria no se ha definido.
[2011/09/05 01:17:28] La variable tipo no se ha definido.
[2011/09/05 01:39:44] La variable nombre no se ha definido.
[2011/09/05 01:39:44] La variable codigo no se ha definido.
[2011/09/05 01:39:44] La variable descripcion no se ha definido.
[2011/09/05 10:53:42] La variable nombre no se ha definido.
[2011/09/05 10:53:44] La variable nombre no se ha definido.
[2011/09/05 10:53:47] La variable nombre no se ha definido.
[2011/09/05 10:53:48] La variable nombre no se ha definido.
[2011/09/05 10:53:49] La variable nombre no se ha definido.
[2011/09/05 10:53:50] La variable nombre no se ha definido.
[2011/09/05 10:53:50] La variable nombre no se ha definido.
[2011/09/05 10:53:51] La variable nombre no se ha definido.
[2011/09/05 10:53:52] La variable nombre no se ha definido.
[2011/09/05 10:54:02] La variable nombre no se ha definido.
[2011/09/05 10:54:06] La variable nombre no se ha definido.
[2011/09/05 10:54:08] La variable nombre no se ha definido.
[2011/09/05 10:54:08] La variable nombre no se ha definido.
[2011/09/05 10:54:10] La variable nombre no se ha definido.
[2011/09/05 10:54:11] La variable nombre no se ha definido.
[2011/09/06 02:53:05] La variable inactivo no se ha definido.
[2011/09/06 03:11:11] La variable inactivo no se ha definido.
[2011/09/06 03:11:56] La variable inactivo no se ha definido.
[2011/09/06 03:14:49] La variable inactivo no se ha definido.
[2011/09/06 03:17:15] La variable inactivo no se ha definido.
[2011/09/06 03:21:00] La variable inactivo no se ha definido.
[2011/09/06 03:23:47] La variable inactivo no se ha definido.
[2011/09/06 09:25:31] La variable nombre no se ha definido.
[2011/09/06 09:25:31] La variable categoria no se ha definido.
[2011/09/06 09:25:35] La variable categoria no se ha definido.
[2011/09/06 09:26:53] La variable categoria no se ha definido.
[2011/09/06 09:27:21] La variable categoria no se ha definido.
[2011/09/06 10:11:47] La variable nombre no se ha definido.
[2011/09/06 10:12:05] La variable nombre no se ha definido.
[2011/09/06 10:12:27] La variable nombre no se ha definido.
[2011/09/06 10:12:30] La variable nombre no se ha definido.
[2011/09/06 10:12:32] La variable nombre no se ha definido.
[2011/09/06 10:12:33] La variable nombre no se ha definido.
[2011/09/07 09:03:36] La variable nombre no se ha definido.
[2011/09/07 09:03:36] La variable codigo no se ha definido.
[2011/09/07 09:03:36] La variable descripcion no se ha definido.
[2011/09/07 10:13:25] La variable inactivo no se ha definido.
[2011/09/07 10:14:02] La variable inactivo no se ha definido.
[2011/09/07 10:18:02] La variable inactivo no se ha definido.
[2011/09/07 10:19:37] La variable inactivo no se ha definido.
[2011/09/07 10:19:37] La variable inactivo no se ha definido.
[2011/09/07 10:20:36] La variable id no se ha definido.
[2011/09/07 10:20:36] La variable inactivo no se ha definido.
[2011/09/07 10:20:45] La variable id no se ha definido.
[2011/09/07 10:20:45] La variable nombre no se ha definido.
[2011/09/07 10:20:45] La variable inactivo no se ha definido.
[2011/09/07 10:21:08] La variable id no se ha definido.
[2011/09/07 10:21:08] La variable nombre no se ha definido.
[2011/09/07 10:21:08] La variable inactivo no se ha definido.
[2011/09/07 10:26:02] La variable id no se ha definido.
[2011/09/07 10:26:02] La variable nombre no se ha definido.
[2011/09/07 10:26:49] La variable id no se ha definido.
[2011/09/07 10:26:49] La variable nombre no se ha definido.
[2011/09/07 10:27:25] La variable id no se ha definido.
[2011/09/07 10:55:58] La variable id no se ha definido.
[2011/09/07 11:01:06] La variable id no se ha definido.
[2011/09/07 11:01:23] La variable id no se ha definido.
[2011/09/07 11:01:49] La variable id no se ha definido.
[2011/09/07 11:04:22] La variable id no se ha definido.
[2011/09/07 11:09:23] La variable id no se ha definido.
[2011/09/07 11:10:08] La variable id no se ha definido.
[2011/09/07 11:10:43] La variable id no se ha definido.
[2011/09/07 11:11:01] La variable id no se ha definido.
[2011/09/07 11:12:29] La variable id no se ha definido.
[2011/09/07 11:13:08] La variable id no se ha definido.
[2011/09/07 11:13:47] La variable id no se ha definido.
[2011/09/07 11:16:32] La variable nombre no se ha definido.
[2011/09/07 11:16:32] La variable inactivo no se ha definido.
[2011/09/07 11:19:09] La variable id no se ha definido.
[2011/09/07 11:19:18] La variable id no se ha definido.
[2011/09/07 11:40:05] La variable inactivo no se ha definido.
[2011/09/07 11:41:01] La variable inactivo no se ha definido.
[2011/09/07 11:42:07] La variable inactivo no se ha definido.
[2011/09/07 11:42:28] La variable inactivo no se ha definido.
[2011/09/07 11:43:48] La variable inactivo no se ha definido.
[2011/09/07 11:44:09] La variable inactivo no se ha definido.
[2011/09/08 09:54:03] La variable nombre no se ha definido.
[2011/09/09 06:15:27] La variable nombre no se ha definido.
[2011/09/09 08:47:19] La variable id_cat no se ha definido.
[2011/09/09 08:47:19] La variable inactivo no se ha definido.
[2011/09/09 08:47:57] La variable id_cat no se ha definido.
[2011/09/09 08:48:11] La variable id_cat no se ha definido.
[2011/09/09 08:48:11] La variable inactivo no se ha definido.
[2011/09/09 08:48:42] La variable inactivo no se ha definido.
[2011/09/09 08:48:51] La variable inactivo no se ha definido.
[2011/09/09 08:52:32] La variable inactivo no se ha definido.
[2011/09/10 02:15:10] La variable nombre no se ha definido.
[2011/09/10 02:34:09] La variable inactivo no se ha definido.
[2011/09/10 02:34:24] La variable inactivo no se ha definido.
[2011/09/10 02:34:36] La variable inactivo no se ha definido.
[2011/09/10 02:35:46] La variable inactivo no se ha definido.
[2011/09/10 02:37:19] La variable id no se ha definido.
[2011/09/10 02:37:40] La variable id no se ha definido.
[2011/09/10 02:37:44] La variable id no se ha definido.
[2011/09/10 02:38:04] La variable inactivo no se ha definido.
[2011/09/10 02:38:28] La variable inactivo no se ha definido.
[2011/09/10 02:39:23] La variable inactivo no se ha definido.
[2011/09/10 03:41:40] La variable id_cat no se ha definido.
[2011/09/10 06:31:24] La variable inactivo no se ha definido.
[2011/09/10 06:31:59] La variable inactivo no se ha definido.
[2011/09/10 06:32:49] La variable inactivo no se ha definido.
[2011/09/10 06:33:23] La variable inactivo no se ha definido.
[2011/09/10 06:33:45] La variable inactivo no se ha definido.
[2011/09/10 06:34:14] La variable inactivo no se ha definido.
[2011/09/10 06:34:39] La variable inactivo no se ha definido.
[2011/09/12 02:04:22] La variable id no se ha definido.
[2011/09/12 02:04:22] La variable nombre no se ha definido.
[2011/09/12 02:04:22] La variable pagina no se ha definido.
[2011/09/12 02:04:22] La variable inactivo no se ha definido.
[2011/09/12 02:05:08] La variable id no se ha definido.
[2011/09/12 02:05:08] La variable nombre no se ha definido.
[2011/09/12 02:05:08] La variable pagina no se ha definido.
[2011/09/12 02:05:08] La variable inactivo no se ha definido.
[2011/09/12 02:07:03] La variable categorias no se ha definido.
[2011/09/12 02:11:21] La variable categorias no se ha definido.
[2011/09/12 02:13:08] La variable categorias no se ha definido.
[2011/09/12 02:17:18] La variable categorias no se ha definido.
[2011/09/12 02:26:56] La variable id no se ha definido.
[2011/09/12 02:26:56] La variable categorias no se ha definido.
[2011/09/12 02:28:00] La variable id no se ha definido.
[2011/09/12 02:28:00] La variable categorias no se ha definido.
[2011/09/12 02:28:00] La variable inactivo no se ha definido.
[2011/09/12 02:28:41] La variable categorias no se ha definido.
[2011/09/12 11:43:47] La variable descripcion no se ha definido.
[2011/09/12 11:43:48] La variable caracas no se ha definido.
[2011/09/12 11:43:48] La variable interior no se ha definido.
[2011/09/13 12:12:00] La variable nombre no se ha definido.
[2011/09/13 12:12:00] La variable codigo no se ha definido.
[2011/09/13 12:12:00] La variable descripcion no se ha definido.
[2011/09/13 12:12:00] La variable categorias no se ha definido.
[2011/09/13 12:12:00] La variable tipos no se ha definido.
[2011/09/13 12:12:01] La variable caracas no se ha definido.
[2011/09/13 12:12:01] La variable interior no se ha definido.
[2011/09/13 12:13:32] La variable caracas no se ha definido.
[2011/09/13 12:13:32] La variable interior no se ha definido.
[2011/09/13 01:10:42] La variable nombre no se ha definido.
[2011/09/13 01:10:42] La variable codigo no se ha definido.
[2011/09/13 01:10:42] La variable descripcion no se ha definido.
[2011/09/13 01:10:42] La variable categorias no se ha definido.
[2011/09/13 01:10:42] La variable tipos no se ha definido.
[2011/09/13 03:56:17] La variable nombre no se ha definido.
[2011/09/13 03:56:17] La variable codigo no se ha definido.
[2011/09/13 03:56:17] La variable descripcion no se ha definido.
[2011/09/13 03:59:35] La variable nombre no se ha definido.
[2011/09/13 03:59:35] La variable codigo no se ha definido.
[2011/09/13 03:59:35] La variable descripcion no se ha definido.
[2011/09/13 03:59:44] La variable nombre no se ha definido.
[2011/09/13 03:59:44] La variable codigo no se ha definido.
[2011/09/13 03:59:44] La variable descripcion no se ha definido.
[2011/09/13 04:10:44] La variable nombre no se ha definido.
[2011/09/13 04:10:44] La variable codigo no se ha definido.
[2011/09/13 04:10:44] La variable descripcion no se ha definido.
[2011/09/13 04:10:49] La variable nombre no se ha definido.
[2011/09/13 04:10:49] La variable codigo no se ha definido.
[2011/09/13 04:10:49] La variable descripcion no se ha definido.
[2011/09/13 04:11:20] La variable nombre no se ha definido.
[2011/09/13 04:11:20] La variable codigo no se ha definido.
[2011/09/13 04:11:20] La variable descripcion no se ha definido.
[2011/09/13 02:40:47] La variable nombre no se ha definido.
[2011/09/13 03:04:18] La variable nombre no se ha definido.
[2011/09/13 03:33:24] La variable codigo no se ha definido.
[2011/09/13 03:33:24] La variable descripcion no se ha definido.
[2011/09/13 03:34:09] La variable codigo no se ha definido.
[2011/09/13 03:34:09] La variable descripcion no se ha definido.
[2011/09/13 03:41:17] La variable codigo no se ha definido.
[2011/09/13 03:41:17] La variable descripcion no se ha definido.
[2011/09/13 03:43:29] La variable nombre no se ha definido.
[2011/09/13 03:44:34] La variable nombre no se ha definido.
[2011/09/13 04:47:58] La variable nombre no se ha definido.
[2011/09/13 04:47:58] La variable codigo no se ha definido.
[2011/09/13 04:47:58] La variable descripcion no se ha definido.
[2011/09/13 04:47:58] La variable categorias no se ha definido.
[2011/09/13 04:47:58] La variable tipo no se ha definido.
[2011/09/13 04:48:43] La variable categorias no se ha definido.
[2011/09/13 04:49:01] La variable tipo no se ha definido.
[2011/09/13 05:47:33] La variable nombre no se ha definido.
[2011/09/13 06:16:03] La variable interior no se ha definido.
[2011/09/13 06:16:03] La variable caracas no se ha definido.
[2011/09/14 10:17:52] La variable archivo no se ha definido.
[2011/09/14 10:25:17] La variable  no se ha definido.
[2011/09/14 10:26:25] La variable archivo no se ha definido.
[2011/09/21 07:59:18] La variable nombre no se ha definido.
[2011/09/21 07:59:18] La variable codigo no se ha definido.
[2011/09/21 07:59:18] La variable descripcion no se ha definido.
[2011/09/21 07:59:18] La variable categorias no se ha definido.
[2011/09/21 07:59:18] La variable tipos no se ha definido.
[2011/09/21 07:59:18] La variable interior no se ha definido.
[2011/09/21 07:59:18] La variable caracas no se ha definido.
[2011/09/21 07:59:51] La variable interior no se ha definido.
[2011/09/21 07:59:51] La variable caracas no se ha definido.
[2011/09/21 08:04:30] La variable interior no se ha definido.
[2011/09/21 08:04:30] La variable caracas no se ha definido.
[2011/09/21 08:04:31] La variable nombre no se ha definido.
[2011/09/21 08:04:31] La variable codigo no se ha definido.
[2011/09/21 08:04:31] La variable descripcion no se ha definido.
[2011/09/21 08:04:31] La variable categorias no se ha definido.
[2011/09/21 08:04:31] La variable tipos no se ha definido.
[2011/09/21 08:04:31] La variable interior no se ha definido.
[2011/09/21 08:04:31] La variable caracas no se ha definido.
[2011/09/21 08:04:33] La variable interior no se ha definido.
[2011/09/21 08:04:33] La variable caracas no se ha definido.
[2011/09/21 08:27:55] La variable interior no se ha definido.
[2011/09/21 08:27:55] La variable caracas no se ha definido.
[2011/09/26 04:25:01] La variable descripcion no se ha definido.
[2011/09/26 04:25:09] La variable descripcion no se ha definido.
[2011/09/26 09:48:05] La variable categorias no se ha definido.
[2011/09/26 09:48:05] La variable tipos no se ha definido.
[2011/09/26 09:48:05] La variable caracas no se ha definido.
[2011/09/26 09:48:05] La variable interior no se ha definido.
[2011/09/26 09:49:43] La variable nombre no se ha definido.
[2011/09/26 09:49:43] La variable codigo no se ha definido.
[2011/09/26 09:49:43] La variable descripcion no se ha definido.
[2011/09/26 09:49:43] La variable categorias no se ha definido.
[2011/09/26 09:49:43] La variable tipos no se ha definido.
[2011/09/26 09:49:43] La variable caracas no se ha definido.
[2011/09/26 09:49:43] La variable interior no se ha definido.
[2011/09/26 09:49:59] La variable nombre no se ha definido.
[2011/09/26 09:49:59] La variable descripcion no se ha definido.
[2011/09/26 09:49:59] La variable categorias no se ha definido.
[2011/09/26 09:49:59] La variable tipos no se ha definido.
[2011/09/26 09:50:00] La variable caracas no se ha definido.
[2011/09/26 09:50:00] La variable interior no se ha definido.
[2011/09/26 09:50:03] La variable nombre no se ha definido.
[2011/09/26 09:50:03] La variable descripcion no se ha definido.
[2011/09/26 09:50:03] La variable categorias no se ha definido.
[2011/09/26 09:50:03] La variable tipos no se ha definido.
[2011/09/26 09:50:03] La variable caracas no se ha definido.
[2011/09/26 09:50:03] La variable interior no se ha definido.
[2011/09/26 09:50:17] La variable codigo no se ha definido.
[2011/09/26 09:50:17] La variable descripcion no se ha definido.
[2011/09/26 09:50:17] La variable categorias no se ha definido.
[2011/09/26 09:50:17] La variable tipos no se ha definido.
[2011/09/26 09:50:17] La variable caracas no se ha definido.
[2011/09/26 09:50:17] La variable interior no se ha definido.
[2011/09/26 09:52:09] La variable codigo no se ha definido.
[2011/09/26 09:52:09] La variable descripcion no se ha definido.
[2011/09/26 09:52:09] La variable categorias no se ha definido.
[2011/09/26 09:52:09] La variable tipos no se ha definido.
[2011/09/26 09:52:09] La variable caracas no se ha definido.
[2011/09/26 09:52:09] La variable interior no se ha definido.
[2011/09/26 09:52:10] La variable codigo no se ha definido.
[2011/09/26 09:52:10] La variable descripcion no se ha definido.
[2011/09/26 09:52:10] La variable categorias no se ha definido.
[2011/09/26 09:52:10] La variable tipos no se ha definido.
[2011/09/26 09:52:10] La variable caracas no se ha definido.
[2011/09/26 09:52:11] La variable interior no se ha definido.
[2011/09/26 09:52:17] La variable codigo no se ha definido.
[2011/09/26 09:52:17] La variable descripcion no se ha definido.
[2011/09/26 09:52:17] La variable categorias no se ha definido.
[2011/09/26 09:52:17] La variable tipos no se ha definido.
[2011/09/26 09:52:17] La variable caracas no se ha definido.
[2011/09/26 09:52:17] La variable interior no se ha definido.
[2011/09/26 09:52:36] La variable codigo no se ha definido.
[2011/09/26 09:52:36] La variable descripcion no se ha definido.
[2011/09/26 09:52:36] La variable categorias no se ha definido.
[2011/09/26 09:52:36] La variable tipos no se ha definido.
[2011/09/26 09:52:36] La variable caracas no se ha definido.
[2011/09/26 09:52:36] La variable interior no se ha definido.
[2011/09/26 09:54:00] La variable codigo no se ha definido.
[2011/09/26 09:54:00] La variable descripcion no se ha definido.
[2011/09/26 09:54:00] La variable categorias no se ha definido.
[2011/09/26 09:54:00] La variable tipos no se ha definido.
[2011/09/26 09:54:01] La variable caracas no se ha definido.
[2011/09/26 09:54:01] La variable interior no se ha definido.
[2011/09/26 09:54:03] La variable codigo no se ha definido.
[2011/09/26 09:54:03] La variable descripcion no se ha definido.
[2011/09/26 09:54:03] La variable categorias no se ha definido.
[2011/09/26 09:54:03] La variable tipos no se ha definido.
[2011/09/26 09:54:03] La variable caracas no se ha definido.
[2011/09/26 09:54:03] La variable interior no se ha definido.
[2011/09/26 09:54:18] La variable codigo no se ha definido.
[2011/09/26 09:54:18] La variable descripcion no se ha definido.
[2011/09/26 09:54:18] La variable categorias no se ha definido.
[2011/09/26 09:54:18] La variable tipos no se ha definido.
[2011/09/26 09:54:19] La variable caracas no se ha definido.
[2011/09/26 09:54:19] La variable interior no se ha definido.
[2011/09/26 10:01:39] La variable codigo no se ha definido.
[2011/09/26 10:01:39] La variable descripcion no se ha definido.
[2011/09/26 10:01:39] La variable categorias no se ha definido.
[2011/09/26 10:01:39] La variable tipos no se ha definido.
[2011/09/26 10:01:39] La variable caracas no se ha definido.
[2011/09/26 10:01:40] La variable interior no se ha definido.
[2011/09/26 10:22:45] La variable codigo no se ha definido.
[2011/09/26 10:22:45] La variable descripcion no se ha definido.
[2011/09/26 10:22:45] La variable categorias no se ha definido.
[2011/09/26 10:22:45] La variable tipos no se ha definido.
[2011/09/26 10:22:45] La variable caracas no se ha definido.
[2011/09/26 10:22:45] La variable interior no se ha definido.
[2011/09/26 10:22:54] La variable codigo no se ha definido.
[2011/09/26 10:22:54] La variable descripcion no se ha definido.
[2011/09/26 10:22:54] La variable categorias no se ha definido.
[2011/09/26 10:22:54] La variable tipos no se ha definido.
[2011/09/26 10:22:54] La variable caracas no se ha definido.
[2011/09/26 10:22:54] La variable interior no se ha definido.
[2011/09/26 10:23:02] La variable codigo no se ha definido.
[2011/09/26 10:23:02] La variable descripcion no se ha definido.
[2011/09/26 10:23:02] La variable categorias no se ha definido.
[2011/09/26 10:23:02] La variable tipos no se ha definido.
[2011/09/26 10:23:02] La variable caracas no se ha definido.
[2011/09/26 10:23:02] La variable interior no se ha definido.
[2011/09/26 10:34:43] La variable codigo no se ha definido.
[2011/09/26 10:34:43] La variable descripcion no se ha definido.
[2011/09/26 10:34:43] La variable categorias no se ha definido.
[2011/09/26 10:34:43] La variable tipos no se ha definido.
[2011/09/26 10:34:44] La variable caracas no se ha definido.
[2011/09/26 10:34:44] La variable interior no se ha definido.
[2011/09/26 10:34:46] La variable codigo no se ha definido.
[2011/09/26 10:34:46] La variable descripcion no se ha definido.
[2011/09/26 10:34:46] La variable categorias no se ha definido.
[2011/09/26 10:34:46] La variable tipos no se ha definido.
[2011/09/26 10:34:46] La variable caracas no se ha definido.
[2011/09/26 10:34:46] La variable interior no se ha definido.
[2011/09/26 10:35:02] La variable codigo no se ha definido.
[2011/09/26 10:35:02] La variable descripcion no se ha definido.
[2011/09/26 10:35:02] La variable categorias no se ha definido.
[2011/09/26 10:35:02] La variable tipos no se ha definido.
[2011/09/26 10:35:02] La variable caracas no se ha definido.
[2011/09/26 10:35:02] La variable interior no se ha definido.
[2011/09/26 10:35:05] La variable codigo no se ha definido.
[2011/09/26 10:35:05] La variable descripcion no se ha definido.
[2011/09/26 10:35:05] La variable categorias no se ha definido.
[2011/09/26 10:35:05] La variable tipos no se ha definido.
[2011/09/26 10:35:06] La variable caracas no se ha definido.
[2011/09/26 10:35:06] La variable interior no se ha definido.
[2011/09/26 10:43:28] La variable codigo no se ha definido.
[2011/09/26 10:43:28] La variable descripcion no se ha definido.
[2011/09/26 10:43:28] La variable categorias no se ha definido.
[2011/09/26 10:43:28] La variable tipos no se ha definido.
[2011/09/26 10:43:28] La variable caracas no se ha definido.
[2011/09/26 10:43:28] La variable interior no se ha definido.
[2011/09/26 10:57:11] La variable codigo no se ha definido.
[2011/09/26 10:57:11] La variable descripcion no se ha definido.
[2011/09/26 10:57:11] La variable categorias no se ha definido.
[2011/09/26 10:57:11] La variable tipos no se ha definido.
[2011/09/26 10:57:11] La variable caracas no se ha definido.
[2011/09/26 10:57:11] La variable interior no se ha definido.
[2011/09/26 11:46:06] La variable codigo no se ha definido.
[2011/09/26 11:46:06] La variable descripcion no se ha definido.
[2011/09/26 11:46:06] La variable categorias no se ha definido.
[2011/09/26 11:46:06] La variable tipos no se ha definido.
[2011/09/26 11:46:06] La variable caracas no se ha definido.
[2011/09/26 11:46:06] La variable interior no se ha definido.
[2011/09/27 06:51:16] La variable id no se ha definido.
[2011/09/28 02:03:50] La variable id no se ha definido.
[2011/09/28 04:20:26] La variable id no se ha definido.
[2011/09/28 04:20:45] La variable id no se ha definido.
[2011/09/28 04:51:05] La variable id no se ha definido.
[2011/09/28 06:00:27] La variable id no se ha definido.
[2011/09/28 06:19:00] La variable id no se ha definido.
[2011/09/28 06:21:29] La variable id no se ha definido.
[2011/09/28 06:22:13] La variable id no se ha definido.
[2011/09/28 06:30:57] La variable id no se ha definido.
[2011/09/28 06:32:05] La variable id no se ha definido.
[2011/09/28 07:21:27] La variable id no se ha definido.
[2011/09/28 07:21:29] La variable id no se ha definido.
[2011/09/28 07:22:49] La variable id no se ha definido.
[2011/09/28 07:24:10] La variable id no se ha definido.
[2011/09/28 07:27:00] La variable id no se ha definido.
[2011/09/28 07:27:04] La variable id no se ha definido.
[2011/09/28 07:28:09] La variable id no se ha definido.
[2011/09/28 07:28:52] La variable id no se ha definido.
[2011/09/30 08:23:25] La variable id no se ha definido.
[2011/09/30 04:16:58] La variable id no se ha definido.
[2011/09/30 04:16:58] La variable nombre no se ha definido.
[2011/09/30 04:16:58] La variable alto no se ha definido.
[2011/09/30 04:16:58] La variable ancho no se ha definido.
[2011/09/30 04:16:58] La variable profundidad no se ha definido.
[2011/09/30 04:16:58] La variable peso no se ha definido.
[2011/09/30 04:16:58] La variable fechaingreso no se ha definido.
[2011/09/30 04:16:58] La variable agotado no se ha definido.
[2011/09/30 04:16:58] La variable inactivo no se ha definido.
[2011/09/30 04:16:58] La variable categoria no se ha definido.
[2011/09/30 04:16:58] La variable tipo no se ha definido.
[2011/09/30 04:18:10] La variable id no se ha definido.
[2011/09/30 04:18:10] La variable nombre no se ha definido.
[2011/09/30 04:18:10] La variable alto no se ha definido.
[2011/09/30 04:18:10] La variable ancho no se ha definido.
[2011/09/30 04:18:10] La variable profundidad no se ha definido.
[2011/09/30 04:18:10] La variable peso no se ha definido.
[2011/09/30 04:18:10] La variable fechaingreso no se ha definido.
[2011/09/30 04:18:10] La variable agotado no se ha definido.
[2011/09/30 04:18:10] La variable inactivo no se ha definido.
[2011/09/30 04:18:10] La variable categoria no se ha definido.
[2011/09/30 04:18:10] La variable tipo no se ha definido.
<<<<<<< HEAD
[2011/09/30 10:41:25] La variable id no se ha definido.
[2011/09/30 10:41:25] La variable nombre no se ha definido.
[2011/09/30 10:41:25] La variable codigo no se ha definido.
[2011/09/30 10:41:25] La variable descripcion no se ha definido.
[2011/09/30 10:41:25] La variable categorias no se ha definido.
[2011/09/30 10:41:25] La variable tipos no se ha definido.
[2011/09/30 10:41:25] La variable agotado no se ha definido.
[2011/09/30 10:41:25] La variable inactivo no se ha definido.
[2011/09/30 10:42:06] La variable id no se ha definido.
[2011/09/30 10:42:06] La variable nombre no se ha definido.
[2011/09/30 10:42:06] La variable codigo no se ha definido.
[2011/09/30 10:42:06] La variable descripcion no se ha definido.
[2011/09/30 10:42:06] La variable categorias no se ha definido.
[2011/09/30 10:42:06] La variable tipos no se ha definido.
[2011/09/30 10:42:06] La variable agotado no se ha definido.
[2011/09/30 10:42:06] La variable inactivo no se ha definido.
[2011/09/30 10:42:11] La variable id no se ha definido.
[2011/09/30 10:42:11] La variable nombre no se ha definido.
[2011/09/30 10:42:11] La variable codigo no se ha definido.
[2011/09/30 10:42:11] La variable descripcion no se ha definido.
[2011/09/30 10:42:11] La variable categorias no se ha definido.
[2011/09/30 10:42:11] La variable tipos no se ha definido.
[2011/09/30 10:42:11] La variable agotado no se ha definido.
[2011/09/30 10:42:11] La variable inactivo no se ha definido.
[2011/09/30 10:43:14] La variable id no se ha definido.
[2011/09/30 10:43:14] La variable nombre no se ha definido.
[2011/09/30 10:43:14] La variable descripcion no se ha definido.
[2011/09/30 10:43:14] La variable categorias no se ha definido.
[2011/09/30 10:43:14] La variable tipos no se ha definido.
[2011/09/30 10:43:14] La variable agotado no se ha definido.
[2011/09/30 10:43:14] La variable inactivo no se ha definido.
[2011/09/30 10:44:16] La variable id no se ha definido.
[2011/09/30 10:44:16] La variable descripcion no se ha definido.
[2011/09/30 10:44:16] La variable categorias no se ha definido.
[2011/09/30 10:44:16] La variable tipos no se ha definido.
[2011/09/30 10:44:16] La variable agotado no se ha definido.
[2011/09/30 10:44:16] La variable inactivo no se ha definido.
[2011/09/30 10:45:12] La variable id no se ha definido.
[2011/09/30 10:45:12] La variable categorias no se ha definido.
[2011/09/30 10:45:12] La variable tipos no se ha definido.
[2011/09/30 10:45:12] La variable agotado no se ha definido.
[2011/09/30 10:45:12] La variable inactivo no se ha definido.
[2011/09/30 10:45:25] La variable id no se ha definido.
[2011/09/30 10:45:25] La variable categorias no se ha definido.
[2011/09/30 10:45:25] La variable tipos no se ha definido.
[2011/09/30 10:45:25] La variable agotado no se ha definido.
[2011/09/30 10:45:25] La variable inactivo no se ha definido.
[2011/09/30 10:45:42] La variable id no se ha definido.
[2011/09/30 10:45:42] La variable tipos no se ha definido.
[2011/09/30 10:45:42] La variable agotado no se ha definido.
[2011/09/30 10:45:42] La variable inactivo no se ha definido.
[2011/09/30 10:45:55] La variable id no se ha definido.
[2011/09/30 10:45:55] La variable agotado no se ha definido.
[2011/09/30 10:45:55] La variable inactivo no se ha definido.
[2011/09/30 10:46:12] La variable id no se ha definido.
[2011/09/30 10:46:12] La variable agotado no se ha definido.
[2011/09/30 10:46:12] La variable inactivo no se ha definido.
[2011/09/30 10:47:19] La variable id no se ha definido.
[2011/09/30 10:47:19] La variable agotado no se ha definido.
[2011/09/30 10:47:27] La variable id no se ha definido.
[2011/09/30 10:47:58] La variable id no se ha definido.
[2011/09/30 10:48:40] La variable id no se ha definido.
[2011/09/30 10:49:01] La variable id no se ha definido.
[2011/09/30 10:49:40] La variable caracas no se ha definido.
[2011/09/30 10:49:40] La variable interior no se ha definido.
[2011/09/30 10:51:51] La variable caracas no se ha definido.
[2011/09/30 10:51:51] La variable interior no se ha definido.
[2011/10/01 02:50:41] La variable id no se ha definido.
[2011/10/01 02:50:41] La variable categorias no se ha definido.
[2011/10/01 02:50:41] La variable tipos no se ha definido.
[2011/10/01 02:50:47] La variable id no se ha definido.
[2011/10/01 02:50:47] La variable categorias no se ha definido.
[2011/10/01 02:50:47] La variable tipos no se ha definido.
[2011/10/01 02:50:48] La variable id no se ha definido.
[2011/10/01 02:50:48] La variable categorias no se ha definido.
[2011/10/01 02:50:48] La variable tipos no se ha definido.
[2011/10/01 02:50:49] La variable id no se ha definido.
[2011/10/01 02:50:49] La variable categorias no se ha definido.
[2011/10/01 02:50:49] La variable tipos no se ha definido.
[2011/10/01 02:50:49] La variable id no se ha definido.
[2011/10/01 02:50:49] La variable categorias no se ha definido.
[2011/10/01 02:50:49] La variable tipos no se ha definido.
[2011/10/01 02:50:50] La variable id no se ha definido.
[2011/10/01 02:50:50] La variable categorias no se ha definido.
[2011/10/01 02:50:50] La variable tipos no se ha definido.
[2011/10/01 02:50:51] La variable id no se ha definido.
[2011/10/01 02:50:51] La variable categorias no se ha definido.
[2011/10/01 02:50:51] La variable tipos no se ha definido.
[2011/10/01 02:50:52] La variable id no se ha definido.
[2011/10/01 02:50:52] La variable categorias no se ha definido.
[2011/10/01 02:50:52] La variable tipos no se ha definido.
[2011/10/01 02:50:52] La variable id no se ha definido.
[2011/10/01 02:50:52] La variable categorias no se ha definido.
[2011/10/01 02:50:52] La variable tipos no se ha definido.
[2011/10/01 02:50:53] La variable id no se ha definido.
[2011/10/01 02:50:53] La variable categorias no se ha definido.
[2011/10/01 02:50:53] La variable tipos no se ha definido.
[2011/10/01 02:50:53] La variable id no se ha definido.
[2011/10/01 02:50:53] La variable categorias no se ha definido.
[2011/10/01 02:50:53] La variable tipos no se ha definido.
[2011/10/01 02:50:53] La variable id no se ha definido.
[2011/10/01 02:50:53] La variable categorias no se ha definido.
[2011/10/01 02:50:53] La variable tipos no se ha definido.
[2011/10/01 02:50:54] La variable id no se ha definido.
[2011/10/01 02:50:54] La variable categorias no se ha definido.
[2011/10/01 02:50:54] La variable tipos no se ha definido.
[2011/10/01 02:50:54] La variable id no se ha definido.
[2011/10/01 02:50:54] La variable categorias no se ha definido.
[2011/10/01 02:50:54] La variable tipos no se ha definido.
[2011/10/01 02:50:55] La variable id no se ha definido.
[2011/10/01 02:50:55] La variable categorias no se ha definido.
[2011/10/01 02:50:55] La variable tipos no se ha definido.
[2011/10/01 02:52:08] La variable id no se ha definido.
[2011/10/01 02:52:08] La variable categorias no se ha definido.
[2011/10/01 02:52:08] La variable tipos no se ha definido.
[2011/10/01 02:53:09] La variable id no se ha definido.
[2011/10/01 02:53:26] La variable id no se ha definido.
[2011/10/01 02:53:26] La variable categorias no se ha definido.
[2011/10/01 02:53:26] La variable tipos no se ha definido.
[2011/10/01 02:57:07] La variable id no se ha definido.
[2011/10/01 02:57:18] La variable id no se ha definido.
[2011/10/01 02:58:31] La variable id no se ha definido.
[2011/10/01 02:59:17] La variable caracas no se ha definido.
[2011/10/01 02:59:17] La variable interior no se ha definido.
[2011/10/01 03:00:03] La variable id no se ha definido.
[2011/10/01 03:01:38] La variable id no se ha definido.
[2011/10/01 03:01:50] La variable id no se ha definido.
[2011/10/01 03:02:23] La variable id no se ha definido.
[2011/10/01 03:02:25] La variable id no se ha definido.
[2011/10/01 03:03:28] La variable id no se ha definido.
[2011/10/01 03:04:33] La variable id no se ha definido.
[2011/10/01 03:05:17] La variable id no se ha definido.
[2011/10/01 03:05:17] La variable categorias no se ha definido.
[2011/10/01 03:05:17] La variable tipos no se ha definido.
[2011/10/01 03:06:43] La variable id no se ha definido.
[2011/10/01 03:06:45] La variable id no se ha definido.
[2011/10/01 03:07:20] La variable id no se ha definido.
[2011/10/01 03:07:20] La variable categorias no se ha definido.
[2011/10/01 03:07:20] La variable tipos no se ha definido.
[2011/10/01 03:08:15] La variable id no se ha definido.
[2011/10/01 03:11:03] La variable id no se ha definido.
[2011/10/01 03:12:03] La variable id no se ha definido.
[2011/10/01 03:12:08] La variable id no se ha definido.
[2011/10/01 03:12:28] La variable id no se ha definido.
[2011/10/01 03:12:41] La variable id no se ha definido.
[2011/10/01 03:14:25] La variable id no se ha definido.
[2011/10/01 03:29:40] La variable id no se ha definido.
[2011/10/01 03:36:04] La variable id no se ha definido.
[2011/10/01 03:41:20] La variable id no se ha definido.
[2011/10/01 03:55:57] La variable id no se ha definido.
[2011/10/01 03:58:06] La variable id no se ha definido.
[2011/10/01 03:59:40] La variable id no se ha definido.
[2011/10/03 04:45:51] La variable id no se ha definido.
[2011/10/03 04:46:35] La variable id no se ha definido.
[2011/10/05 01:18:48] La variable nombre no se ha definido.
[2011/10/08 06:11:40] La variable tipousuarios no se ha definido.
[2011/10/08 06:14:14] La variable tipousuarios no se ha definido.
[2011/10/08 06:14:42] La variable tipousuarios no se ha definido.
[2011/10/09 08:39:33] La variable emails no se ha definido.
[2011/10/09 08:40:34] La variable emails no se ha definido.
[2011/10/09 08:40:54] La variable emails no se ha definido.
[2011/10/09 08:43:15] La variable emails no se ha definido.
[2011/10/11 10:09:20] The user "marco_vilera@hotmail.com" already exists.
[2011/10/19 09:59:59] La variable descripcion no se ha definido.
[2011/10/19 10:04:51] La variable categorias no se ha definido.
[2011/10/19 10:04:51] La variable tipos no se ha definido.
[2011/10/19 10:04:58] La variable categorias no se ha definido.
[2011/10/19 10:04:58] La variable tipos no se ha definido.
[2011/10/19 10:05:07] La variable categorias no se ha definido.
[2011/10/19 10:05:07] La variable tipos no se ha definido.
[2011/10/19 10:05:09] La variable categorias no se ha definido.
[2011/10/19 10:05:09] La variable tipos no se ha definido.
[2011/10/19 10:05:10] La variable categorias no se ha definido.
[2011/10/19 10:05:10] La variable tipos no se ha definido.
[2011/10/19 10:05:10] La variable categorias no se ha definido.
[2011/10/19 10:05:10] La variable tipos no se ha definido.
[2011/10/19 10:05:10] La variable categorias no se ha definido.
[2011/10/19 10:05:10] La variable tipos no se ha definido.
[2011/10/19 10:05:11] La variable categorias no se ha definido.
[2011/10/19 10:05:11] La variable tipos no se ha definido.
[2011/10/19 10:05:11] La variable categorias no se ha definido.
[2011/10/19 10:05:11] La variable tipos no se ha definido.
[2011/10/19 10:05:11] La variable categorias no se ha definido.
[2011/10/19 10:05:11] La variable tipos no se ha definido.
[2011/10/19 10:05:12] La variable categorias no se ha definido.
[2011/10/19 10:05:12] La variable tipos no se ha definido.
[2011/10/19 10:05:15] La variable categorias no se ha definido.
[2011/10/19 10:05:15] La variable tipos no se ha definido.
[2011/10/19 10:05:17] La variable categorias no se ha definido.
[2011/10/19 10:05:17] La variable tipos no se ha definido.
[2011/10/19 10:05:19] La variable categorias no se ha definido.
[2011/10/19 10:05:19] La variable tipos no se ha definido.
[2011/10/19 10:05:19] La variable categorias no se ha definido.
[2011/10/19 10:05:19] La variable tipos no se ha definido.
[2011/10/19 10:05:19] La variable categorias no se ha definido.
[2011/10/19 10:05:19] La variable tipos no se ha definido.
[2011/10/19 10:05:20] La variable categorias no se ha definido.
[2011/10/19 10:05:20] La variable tipos no se ha definido.
[2011/10/19 10:05:20] La variable categorias no se ha definido.
[2011/10/19 10:05:20] La variable tipos no se ha definido.
